Using pre-set license
Built from '2020.2/release' branch; Version is '2020.2.4f1 (becced5a802b) revision 12504301'; Using compiler version '192528614'; Build Type 'Release'
OS: 'Windows 10 Home; OS build 19043.1586; Version 2009; 64bit' Language: 'en' Physical Memory: 16317 MB
BatchMode: 1, IsHumanControllingUs: 0, StartBugReporterOnCrash: 0, Is64bit: 1, IsPro: 0

 COMMAND LINE ARGUMENTS:
C:\Program Files\Unity\Hub\Editor\2020.2.4f1\Editor\Unity.exe
-adb2
-batchMode
-noUpm
-name
AssetImportWorker0
-projectPath
D:/Unity Projects/TeachingProjects/CameronGeekEduProject/CamTowerDefense
-logFile
Logs/AssetImportWorker0.log
-srvPort
65444
Successfully changed project path to: D:/Unity Projects/TeachingProjects/CameronGeekEduProject/CamTowerDefense
D:/Unity Projects/TeachingProjects/CameronGeekEduProject/CamTowerDefense
Using Asset Import Pipeline V2.
Refreshing native plugins compatible for Editor in 31.51 ms, found 1 plugins.
Preloading 0 native plugins for Editor in 0.00 ms.
Initialize engine version: 2020.2.4f1 (becced5a802b)
[Subsystems] Discovering subsystems at path C:/Program Files/Unity/Hub/Editor/2020.2.4f1/Editor/Data/Resources/UnitySubsystems
[Subsystems] Discovering subsystems at path D:/Unity Projects/TeachingProjects/CameronGeekEduProject/CamTowerDefense/Assets
GfxDevice: creating device client; threaded=0
Direct3D:
    Version:  Direct3D 11.0 [level 11.1]
    Renderer: NVIDIA GeForce RTX 2060 SUPER (ID=0x1f06)
    Vendor:   
    VRAM:     8031 MB
    Driver:   30.0.14.7196
Initialize mono
Mono path[0] = 'C:/Program Files/Unity/Hub/Editor/2020.2.4f1/Editor/Data/Managed'
Mono path[1] = 'C:/Program Files/Unity/Hub/Editor/2020.2.4f1/Editor/Data/MonoBleedingEdge/lib/mono/unityjit'
Mono config path = 'C:/Program Files/Unity/Hub/Editor/2020.2.4f1/Editor/Data/MonoBleedingEdge/etc'
Using monoOptions --debugger-agent=transport=dt_socket,embedding=1,server=y,suspend=n,address=127.0.0.1:56616
Begin MonoManager ReloadAssembly
Registering precompiled unity dll's ...
Register platform support module: C:/Program Files/Unity/Hub/Editor/2020.2.4f1/Editor/Data/PlaybackEngines/WebGLSupport/UnityEditor.WebGL.Extensions.dll
Register platform support module: C:/Program Files/Unity/Hub/Editor/2020.2.4f1/Editor/Data/PlaybackEngines/WindowsStandaloneSupport/UnityEditor.WindowsStandalone.Extensions.dll
Registered in 0.002709 seconds.
Native extension for WindowsStandalone target not found
Native extension for WebGL target not found
Refreshing native plugins compatible for Editor in 33.37 ms, found 1 plugins.
Preloading 0 native plugins for Editor in 0.00 ms.
Invoked RoslynAnalysisRunner static constructor.
RoslynAnalysisRunner will not be running.
RoslynAnalysisRunner has terminated.
Mono: successfully reloaded assembly
- Completed reload, in  1.995 seconds
Platform modules already initialized, skipping
Registering precompiled user dll's ...
Registered in 0.000960 seconds.
Begin MonoManager ReloadAssembly
Native extension for WindowsStandalone target not found
Native extension for WebGL target not found
Refreshing native plugins compatible for Editor in 35.06 ms, found 1 plugins.
Preloading 0 native plugins for Editor in 0.00 ms.
Invoked RoslynAnalysisRunner static constructor.
RoslynAnalysisRunner will not be running.
RoslynAnalysisRunner has terminated.
Mono: successfully reloaded assembly
- Completed reload, in  0.887 seconds
Platform modules already initialized, skipping
========================================================================
Worker process is ready to serve import requests
Launched and connected shader compiler UnityShaderCompiler.exe after 0.12 seconds
Refreshing native plugins compatible for Editor in 0.47 ms, found 1 plugins.
Preloading 0 native plugins for Editor in 0.00 ms.
Unloading 1808 Unused Serialized files (Serialized files now loaded: 0)
System memory in use before: 84.6 MB.
System memory in use after: 84.6 MB.

Unloading 24 unused Assets to reduce memory usage. Loaded Objects now: 2251.
Total: 2.975200 ms (FindLiveObjects: 0.505500 ms CreateObjectMapping: 0.116500 ms MarkObjects: 2.242000 ms  DeleteObjects: 0.108200 ms)

========================================================================
Received Import Request.
  path: Assets/Prefabs/Sunflower.prefab
  artifactKey: Guid(e25185360b9e24a44aa9b7e55c7699a2) Importer(815301076,1909f56bfc062723c751e8b465ee728b)
Start importing Assets/Prefabs/Sunflower.prefab using Guid(e25185360b9e24a44aa9b7e55c7699a2) Importer(815301076,1909f56bfc062723c751e8b465ee728b)  -> (artifact id: '818c1f929e40ce3eb4aeef2d05fa6799') in 0.136009 seconds
  Import took 0.165727 seconds .

========================================================================
Received Import Request.
  Time since last request: 33.176411 seconds.
  path: Assets/Prefabs/Sunflower.prefab
  artifactKey: Guid(e25185360b9e24a44aa9b7e55c7699a2) Importer(815301076,1909f56bfc062723c751e8b465ee728b)
Start importing Assets/Prefabs/Sunflower.prefab using Guid(e25185360b9e24a44aa9b7e55c7699a2) Importer(815301076,1909f56bfc062723c751e8b465ee728b)  -> (artifact id: '1014f84c9f4a6896ae36e507d2fd504f') in 0.014919 seconds
  Import took 0.024138 seconds .

========================================================================
Received Import Request.
  Time since last request: 2.779316 seconds.
  path: Assets/Prefabs/Sunflower.prefab
  artifactKey: Guid(e25185360b9e24a44aa9b7e55c7699a2) Importer(815301076,1909f56bfc062723c751e8b465ee728b)
Start importing Assets/Prefabs/Sunflower.prefab using Guid(e25185360b9e24a44aa9b7e55c7699a2) Importer(815301076,1909f56bfc062723c751e8b465ee728b)  -> (artifact id: '36fc4ed4449255af7a58fc3ae82e1881') in 0.015071 seconds
  Import took 0.018649 seconds .

========================================================================
Received Import Request.
  Time since last request: 11.769663 seconds.
  path: Assets/Prefabs/Peashooter.prefab
  artifactKey: Guid(faeec0f35527f7144a52814a8153f7ee) Importer(815301076,1909f56bfc062723c751e8b465ee728b)
Start importing Assets/Prefabs/Peashooter.prefab using Guid(faeec0f35527f7144a52814a8153f7ee) Importer(815301076,1909f56bfc062723c751e8b465ee728b)  -> (artifact id: '2c23cf3e48d0c912c9457eaf66648cce') in 0.039624 seconds
  Import took 0.043143 seconds .

========================================================================
Received Import Request.
  Time since last request: 5.557249 seconds.
  path: Assets/Prefabs/Peashooter.prefab
  artifactKey: Guid(faeec0f35527f7144a52814a8153f7ee) Importer(815301076,1909f56bfc062723c751e8b465ee728b)
Start importing Assets/Prefabs/Peashooter.prefab using Guid(faeec0f35527f7144a52814a8153f7ee) Importer(815301076,1909f56bfc062723c751e8b465ee728b)  -> (artifact id: 'd4df53a2858f4177c097878e5a1daf4b') in 0.011359 seconds
  Import took 0.015631 seconds .

========================================================================
Received Import Request.
  Time since last request: 2.207452 seconds.
  path: Assets/Prefabs/Peashooter.prefab
  artifactKey: Guid(faeec0f35527f7144a52814a8153f7ee) Importer(815301076,1909f56bfc062723c751e8b465ee728b)
Start importing Assets/Prefabs/Peashooter.prefab using Guid(faeec0f35527f7144a52814a8153f7ee) Importer(815301076,1909f56bfc062723c751e8b465ee728b)  -> (artifact id: 'c6d4912591fd0947834c8b111b4be453') in 0.013950 seconds
  Import took 0.031980 seconds .

========================================================================
Received Import Request.
  Time since last request: 78.321304 seconds.
  path: Assets/Scripts/Building.cs
  artifactKey: Guid(fa796709bc1ed4341a8624718d4c0f6b) Importer(815301076,1909f56bfc062723c751e8b465ee728b)
Start importing Assets/Scripts/Building.cs using Guid(fa796709bc1ed4341a8624718d4c0f6b) Importer(815301076,1909f56bfc062723c751e8b465ee728b)  -> (artifact id: '950c2dd47375c51e8677289ade07ddbe') in 0.009542 seconds
  Import took 0.020372 seconds .

========================================================================
Received Prepare
Registering precompiled user dll's ...
Registered in 0.000812 seconds.
Begin MonoManager ReloadAssembly
Native extension for WindowsStandalone target not found
Native extension for WebGL target not found
Refreshing native plugins compatible for Editor in 0.43 ms, found 1 plugins.
Preloading 0 native plugins for Editor in 0.00 ms.
Invoked RoslynAnalysisRunner static constructor.
RoslynAnalysisRunner will not be running.
RoslynAnalysisRunner has terminated.
Mono: successfully reloaded assembly
- Completed reload, in  0.865 seconds
Platform modules already initialized, skipping
Refreshing native plugins compatible for Editor in 1.22 ms, found 1 plugins.
Preloading 0 native plugins for Editor in 0.00 ms.
Unloading 1803 Unused Serialized files (Serialized files now loaded: 0)
System memory in use before: 87.7 MB.
System memory in use after: 87.7 MB.

Unloading 12 unused Assets to reduce memory usage. Loaded Objects now: 2261.
Total: 2.245800 ms (FindLiveObjects: 0.312400 ms CreateObjectMapping: 0.044000 ms MarkObjects: 1.761700 ms  DeleteObjects: 0.126600 ms)

========================================================================
Received Import Request.
  Time since last request: 484.668738 seconds.
  path: Assets/Prefabs/Peashooter.prefab
  artifactKey: Guid(faeec0f35527f7144a52814a8153f7ee) Importer(815301076,1909f56bfc062723c751e8b465ee728b)
Start importing Assets/Prefabs/Peashooter.prefab using Guid(faeec0f35527f7144a52814a8153f7ee) Importer(815301076,1909f56bfc062723c751e8b465ee728b)  -> (artifact id: '8298c667b0ad23ce14860b5972f068f2') in 0.047427 seconds
  Import took 0.051671 seconds .

========================================================================
Received Import Request.
  Time since last request: 0.000215 seconds.
  path: Assets/Prefabs/Zombie.prefab
  artifactKey: Guid(5467cd9078db7f64fb6f9472ebc388df) Importer(815301076,1909f56bfc062723c751e8b465ee728b)
Start importing Assets/Prefabs/Zombie.prefab using Guid(5467cd9078db7f64fb6f9472ebc388df) Importer(815301076,1909f56bfc062723c751e8b465ee728b)  -> (artifact id: '7f9ecb87eb9b8c3d5797beaa02091986') in 0.010961 seconds
  Import took 0.039801 seconds .

========================================================================
Received Import Request.
  Time since last request: 0.000319 seconds.
  path: Assets/Prefabs/Sunflower.prefab
  artifactKey: Guid(e25185360b9e24a44aa9b7e55c7699a2) Importer(815301076,1909f56bfc062723c751e8b465ee728b)
Start importing Assets/Prefabs/Sunflower.prefab using Guid(e25185360b9e24a44aa9b7e55c7699a2) Importer(815301076,1909f56bfc062723c751e8b465ee728b)  -> (artifact id: '30cb9575f86d18e8f850d388e05d56ea') in 0.011204 seconds
  Import took 0.015211 seconds .

========================================================================
Received Import Request.
  Time since last request: 5.893156 seconds.
  path: Assets/Prefabs/Peashooter.prefab
  artifactKey: Guid(faeec0f35527f7144a52814a8153f7ee) Importer(815301076,1909f56bfc062723c751e8b465ee728b)
Start importing Assets/Prefabs/Peashooter.prefab using Guid(faeec0f35527f7144a52814a8153f7ee) Importer(815301076,1909f56bfc062723c751e8b465ee728b)  -> (artifact id: 'd1ea2a64342ab46617f19689aedd22e2') in 0.012995 seconds
  Import took 0.017270 seconds .

========================================================================
Received Import Request.
  Time since last request: 5.299186 seconds.
  path: Assets/Prefabs/Sunflower.prefab
  artifactKey: Guid(e25185360b9e24a44aa9b7e55c7699a2) Importer(815301076,1909f56bfc062723c751e8b465ee728b)
Start importing Assets/Prefabs/Sunflower.prefab using Guid(e25185360b9e24a44aa9b7e55c7699a2) Importer(815301076,1909f56bfc062723c751e8b465ee728b)  -> (artifact id: '878c37832a591bd3aa2495aafd76620b') in 0.013278 seconds
  Import took 0.017398 seconds .

========================================================================
Received Prepare
Registering precompiled user dll's ...
Registered in 0.000999 seconds.
Begin MonoManager ReloadAssembly
Native extension for WindowsStandalone target not found
Native extension for WebGL target not found
Refreshing native plugins compatible for Editor in 0.37 ms, found 1 plugins.
Preloading 0 native plugins for Editor in 0.00 ms.
Invoked RoslynAnalysisRunner static constructor.
RoslynAnalysisRunner will not be running.
RoslynAnalysisRunner has terminated.
Mono: successfully reloaded assembly
- Completed reload, in  0.855 seconds
Platform modules already initialized, skipping
Refreshing native plugins compatible for Editor in 0.55 ms, found 1 plugins.
Preloading 0 native plugins for Editor in 0.00 ms.
Unloading 1803 Unused Serialized files (Serialized files now loaded: 0)
System memory in use before: 87.8 MB.
System memory in use after: 87.8 MB.

Unloading 12 unused Assets to reduce memory usage. Loaded Objects now: 2265.
Total: 2.516800 ms (FindLiveObjects: 0.324400 ms CreateObjectMapping: 0.044600 ms MarkObjects: 2.039600 ms  DeleteObjects: 0.105600 ms)

========================================================================
Received Import Request.
  Time since last request: 102.723658 seconds.
  path: Assets/Prefabs/Sun.prefab
  artifactKey: Guid(808a613c2c642df4ba7bd5d19c46fda5) Importer(815301076,1909f56bfc062723c751e8b465ee728b)
Start importing Assets/Prefabs/Sun.prefab using Guid(808a613c2c642df4ba7bd5d19c46fda5) Importer(815301076,1909f56bfc062723c751e8b465ee728b)  -> (artifact id: '7d39b290840617c4482a3e5f0a8ecee3') in 0.075807 seconds
  Import took 0.100826 seconds .

========================================================================
Received Prepare
Registering precompiled user dll's ...
Registered in 0.001426 seconds.
Begin MonoManager ReloadAssembly
Native extension for WindowsStandalone target not found
Native extension for WebGL target not found
Refreshing native plugins compatible for Editor in 0.37 ms, found 1 plugins.
Preloading 0 native plugins for Editor in 0.00 ms.
Invoked RoslynAnalysisRunner static constructor.
RoslynAnalysisRunner will not be running.
RoslynAnalysisRunner has terminated.
Mono: successfully reloaded assembly
- Completed reload, in  0.763 seconds
Platform modules already initialized, skipping
Refreshing native plugins compatible for Editor in 0.80 ms, found 1 plugins.
Preloading 0 native plugins for Editor in 0.00 ms.
Unloading 1803 Unused Serialized files (Serialized files now loaded: 0)
System memory in use before: 87.8 MB.
System memory in use after: 87.8 MB.

Unloading 12 unused Assets to reduce memory usage. Loaded Objects now: 2269.
Total: 2.686200 ms (FindLiveObjects: 0.315800 ms CreateObjectMapping: 0.051500 ms MarkObjects: 2.117700 ms  DeleteObjects: 0.199200 ms)

========================================================================
Received Import Request.
  Time since last request: 801.471637 seconds.
  path: Assets/Prefabs/Peashooter.prefab
  artifactKey: Guid(faeec0f35527f7144a52814a8153f7ee) Importer(815301076,1909f56bfc062723c751e8b465ee728b)
Start importing Assets/Prefabs/Peashooter.prefab using Guid(faeec0f35527f7144a52814a8153f7ee) Importer(815301076,1909f56bfc062723c751e8b465ee728b)  -> (artifact id: '893acbd7f36d411826f441979ced5927') in 0.046474 seconds
  Import took 0.073864 seconds .

========================================================================
Received Import Request.
  Time since last request: 0.000212 seconds.
  path: Assets/Prefabs/Sunflower.prefab
  artifactKey: Guid(e25185360b9e24a44aa9b7e55c7699a2) Importer(815301076,1909f56bfc062723c751e8b465ee728b)
Start importing Assets/Prefabs/Sunflower.prefab using Guid(e25185360b9e24a44aa9b7e55c7699a2) Importer(815301076,1909f56bfc062723c751e8b465ee728b)  -> (artifact id: '21753ccbef5959af18e5798a462287f1') in 0.012210 seconds
  Import took 0.024175 seconds .

========================================================================
Received Prepare
Registering precompiled user dll's ...
Registered in 0.000883 seconds.
Begin MonoManager ReloadAssembly
Native extension for WindowsStandalone target not found
Native extension for WebGL target not found
Refreshing native plugins compatible for Editor in 0.50 ms, found 1 plugins.
Preloading 0 native plugins for Editor in 0.00 ms.
Invoked RoslynAnalysisRunner static constructor.
RoslynAnalysisRunner will not be running.
RoslynAnalysisRunner has terminated.
Mono: successfully reloaded assembly
- Completed reload, in  0.798 seconds
Platform modules already initialized, skipping
Refreshing native plugins compatible for Editor in 0.39 ms, found 1 plugins.
Preloading 0 native plugins for Editor in 0.00 ms.
Unloading 1803 Unused Serialized files (Serialized files now loaded: 0)
System memory in use before: 87.9 MB.
System memory in use after: 87.8 MB.

Unloading 12 unused Assets to reduce memory usage. Loaded Objects now: 2273.
Total: 2.426700 ms (FindLiveObjects: 0.305000 ms CreateObjectMapping: 0.047100 ms MarkObjects: 1.946300 ms  DeleteObjects: 0.125700 ms)

========================================================================
Received Prepare
Registering precompiled user dll's ...
Registered in 0.001613 seconds.
Begin MonoManager ReloadAssembly
Native extension for WindowsStandalone target not found
Native extension for WebGL target not found
Refreshing native plugins compatible for Editor in 0.56 ms, found 1 plugins.
Preloading 0 native plugins for Editor in 0.00 ms.
Invoked RoslynAnalysisRunner static constructor.
RoslynAnalysisRunner will not be running.
RoslynAnalysisRunner has terminated.
Mono: successfully reloaded assembly
- Completed reload, in  0.827 seconds
Platform modules already initialized, skipping
Refreshing native plugins compatible for Editor in 0.39 ms, found 1 plugins.
Preloading 0 native plugins for Editor in 0.00 ms.
Unloading 1803 Unused Serialized files (Serialized files now loaded: 0)
System memory in use before: 87.9 MB.
System memory in use after: 87.9 MB.

Unloading 12 unused Assets to reduce memory usage. Loaded Objects now: 2276.
Total: 2.722900 ms (FindLiveObjects: 0.417300 ms CreateObjectMapping: 0.041300 ms MarkObjects: 2.092400 ms  DeleteObjects: 0.168500 ms)

========================================================================
Received Prepare
Registering precompiled user dll's ...
Registered in 0.001127 seconds.
Begin MonoManager ReloadAssembly
Native extension for WindowsStandalone target not found
Native extension for WebGL target not found
Refreshing native plugins compatible for Editor in 0.84 ms, found 1 plugins.
Preloading 0 native plugins for Editor in 0.00 ms.
Invoked RoslynAnalysisRunner static constructor.
RoslynAnalysisRunner will not be running.
RoslynAnalysisRunner has terminated.
Mono: successfully reloaded assembly
- Completed reload, in  0.847 seconds
Platform modules already initialized, skipping
Refreshing native plugins compatible for Editor in 1.34 ms, found 1 plugins.
Preloading 0 native plugins for Editor in 0.00 ms.
Unloading 1803 Unused Serialized files (Serialized files now loaded: 0)
System memory in use before: 87.9 MB.
System memory in use after: 87.9 MB.

Unloading 12 unused Assets to reduce memory usage. Loaded Objects now: 2279.
Total: 3.580700 ms (FindLiveObjects: 0.888300 ms CreateObjectMapping: 0.119200 ms MarkObjects: 2.417100 ms  DeleteObjects: 0.122900 ms)

========================================================================
Received Prepare
Registering precompiled user dll's ...
Registered in 0.000913 seconds.
Begin MonoManager ReloadAssembly
Native extension for WindowsStandalone target not found
Native extension for WebGL target not found
Refreshing native plugins compatible for Editor in 0.92 ms, found 1 plugins.
Preloading 0 native plugins for Editor in 0.00 ms.
Invoked RoslynAnalysisRunner static constructor.
RoslynAnalysisRunner will not be running.
RoslynAnalysisRunner has terminated.
Mono: successfully reloaded assembly
- Completed reload, in  0.863 seconds
Platform modules already initialized, skipping
Refreshing native plugins compatible for Editor in 0.33 ms, found 1 plugins.
Preloading 0 native plugins for Editor in 0.00 ms.
Unloading 1803 Unused Serialized files (Serialized files now loaded: 0)
System memory in use before: 87.9 MB.
System memory in use after: 87.9 MB.

Unloading 12 unused Assets to reduce memory usage. Loaded Objects now: 2282.
Total: 2.762300 ms (FindLiveObjects: 0.289200 ms CreateObjectMapping: 0.043300 ms MarkObjects: 2.279200 ms  DeleteObjects: 0.148500 ms)

========================================================================
Received Prepare
Registering precompiled user dll's ...
Registered in 0.001013 seconds.
Begin MonoManager ReloadAssembly
Native extension for WindowsStandalone target not found
Native extension for WebGL target not found
Refreshing native plugins compatible for Editor in 0.46 ms, found 1 plugins.
Preloading 0 native plugins for Editor in 0.00 ms.
Invoked RoslynAnalysisRunner static constructor.
RoslynAnalysisRunner will not be running.
RoslynAnalysisRunner has terminated.
Mono: successfully reloaded assembly
- Completed reload, in  0.710 seconds
Platform modules already initialized, skipping
Refreshing native plugins compatible for Editor in 0.39 ms, found 1 plugins.
Preloading 0 native plugins for Editor in 0.00 ms.
Unloading 1803 Unused Serialized files (Serialized files now loaded: 0)
System memory in use before: 87.9 MB.
System memory in use after: 87.9 MB.

Unloading 12 unused Assets to reduce memory usage. Loaded Objects now: 2285.
Total: 1.950900 ms (FindLiveObjects: 0.234600 ms CreateObjectMapping: 0.045300 ms MarkObjects: 1.565000 ms  DeleteObjects: 0.104900 ms)

AssetImportWorkerClient::OnTransportError - code=2 error=End of file
