Using pre-set license
Built from '2020.2/release' branch; Version is '2020.2.4f1 (becced5a802b) revision 12504301'; Using compiler version '192528614'; Build Type 'Release'
OS: 'Windows 10 Home; OS build 19043.1348; Version 2009; 64bit' Language: 'en' Physical Memory: 16317 MB
BatchMode: 1, IsHumanControllingUs: 0, StartBugReporterOnCrash: 0, Is64bit: 1, IsPro: 0

 COMMAND LINE ARGUMENTS:
C:\Program Files\Unity\Hub\Editor\2020.2.4f1\Editor\Unity.exe
-adb2
-batchMode
-noUpm
-name
AssetImportWorker0
-projectPath
D:/Unity Projects/TeachingProjects/CameronGeekEduProject/CamGeekEduProject
-logFile
Logs/AssetImportWorker0.log
-srvPort
63806
Successfully changed project path to: D:/Unity Projects/TeachingProjects/CameronGeekEduProject/CamGeekEduProject
D:/Unity Projects/TeachingProjects/CameronGeekEduProject/CamGeekEduProject
Using Asset Import Pipeline V2.
Refreshing native plugins compatible for Editor in 35.35 ms, found 1 plugins.
Preloading 0 native plugins for Editor in 0.00 ms.
Initialize engine version: 2020.2.4f1 (becced5a802b)
[Subsystems] Discovering subsystems at path C:/Program Files/Unity/Hub/Editor/2020.2.4f1/Editor/Data/Resources/UnitySubsystems
[Subsystems] Discovering subsystems at path D:/Unity Projects/TeachingProjects/CameronGeekEduProject/CamGeekEduProject/Assets
GfxDevice: creating device client; threaded=0
Direct3D:
    Version:  Direct3D 11.0 [level 11.1]
    Renderer: NVIDIA GeForce RTX 2060 SUPER (ID=0x1f06)
    Vendor:   
    VRAM:     8031 MB
    Driver:   30.0.14.7196
Initialize mono
Mono path[0] = 'C:/Program Files/Unity/Hub/Editor/2020.2.4f1/Editor/Data/Managed'
Mono path[1] = 'C:/Program Files/Unity/Hub/Editor/2020.2.4f1/Editor/Data/MonoBleedingEdge/lib/mono/unityjit'
Mono config path = 'C:/Program Files/Unity/Hub/Editor/2020.2.4f1/Editor/Data/MonoBleedingEdge/etc'
Using monoOptions --debugger-agent=transport=dt_socket,embedding=1,server=y,suspend=n,address=127.0.0.1:56028
Begin MonoManager ReloadAssembly
Registering precompiled unity dll's ...
Register platform support module: C:/Program Files/Unity/Hub/Editor/2020.2.4f1/Editor/Data/PlaybackEngines/WebGLSupport/UnityEditor.WebGL.Extensions.dll
Register platform support module: C:/Program Files/Unity/Hub/Editor/2020.2.4f1/Editor/Data/PlaybackEngines/WindowsStandaloneSupport/UnityEditor.WindowsStandalone.Extensions.dll
Registered in 0.002864 seconds.
Native extension for WindowsStandalone target not found
Native extension for WebGL target not found
Refreshing native plugins compatible for Editor in 32.99 ms, found 1 plugins.
Preloading 0 native plugins for Editor in 0.00 ms.
Invoked RoslynAnalysisRunner static constructor.
RoslynAnalysisRunner will not be running.
RoslynAnalysisRunner has terminated.
Mono: successfully reloaded assembly
- Completed reload, in  2.005 seconds
Platform modules already initialized, skipping
Registering precompiled user dll's ...
Registered in 0.000728 seconds.
Begin MonoManager ReloadAssembly
Native extension for WindowsStandalone target not found
Native extension for WebGL target not found
Refreshing native plugins compatible for Editor in 33.40 ms, found 1 plugins.
Preloading 0 native plugins for Editor in 0.00 ms.
Invoked RoslynAnalysisRunner static constructor.
RoslynAnalysisRunner will not be running.
RoslynAnalysisRunner has terminated.
Mono: successfully reloaded assembly
- Completed reload, in  0.829 seconds
Platform modules already initialized, skipping
========================================================================
Worker process is ready to serve import requests
Launched and connected shader compiler UnityShaderCompiler.exe after 0.06 seconds
Refreshing native plugins compatible for Editor in 0.38 ms, found 1 plugins.
Preloading 0 native plugins for Editor in 0.00 ms.
Unloading 1812 Unused Serialized files (Serialized files now loaded: 0)
System memory in use before: 85.4 MB.
System memory in use after: 85.3 MB.

Unloading 24 unused Assets to reduce memory usage. Loaded Objects now: 2255.
Total: 2.055600 ms (FindLiveObjects: 0.228900 ms CreateObjectMapping: 0.046100 ms MarkObjects: 1.676000 ms  DeleteObjects: 0.103200 ms)

========================================================================
Received Import Request.
  path: Assets/Scenes/Scripts/Gamemanager.cs
  artifactKey: Guid(3316b65b3f213fa4fafc3513a9d4f643) Importer(815301076,1909f56bfc062723c751e8b465ee728b)
Start importing Assets/Scenes/Scripts/Gamemanager.cs using Guid(3316b65b3f213fa4fafc3513a9d4f643) Importer(815301076,1909f56bfc062723c751e8b465ee728b)  -> (artifact id: '3597060ecc4a60b8b91bcf30bb3421e0') in 0.029163 seconds
  Import took 0.051571 seconds .

========================================================================
Received Import Request.
  Time since last request: 219.670422 seconds.
  path: Assets/Scenes/Scripts/Gameplan.cs
  artifactKey: Guid(c4c926b35bf5d0e4ab55c9c6b853a440) Importer(815301076,1909f56bfc062723c751e8b465ee728b)
Start importing Assets/Scenes/Scripts/Gameplan.cs using Guid(c4c926b35bf5d0e4ab55c9c6b853a440) Importer(815301076,1909f56bfc062723c751e8b465ee728b)  -> (artifact id: '897edbf9f19eab4fc54d572fc620d523') in 0.008242 seconds
  Import took 0.049047 seconds .

========================================================================
Received Prepare
Registering precompiled user dll's ...
Registered in 0.000770 seconds.
Begin MonoManager ReloadAssembly
Native extension for WindowsStandalone target not found
Native extension for WebGL target not found
Refreshing native plugins compatible for Editor in 0.43 ms, found 1 plugins.
Preloading 0 native plugins for Editor in 0.00 ms.
Invoked RoslynAnalysisRunner static constructor.
RoslynAnalysisRunner will not be running.
RoslynAnalysisRunner has terminated.
Mono: successfully reloaded assembly
- Completed reload, in  0.764 seconds
Platform modules already initialized, skipping
Refreshing native plugins compatible for Editor in 0.39 ms, found 1 plugins.
Preloading 0 native plugins for Editor in 0.00 ms.
Unloading 1807 Unused Serialized files (Serialized files now loaded: 0)
System memory in use before: 85.3 MB.
System memory in use after: 85.3 MB.

Unloading 12 unused Assets to reduce memory usage. Loaded Objects now: 2258.
Total: 2.496600 ms (FindLiveObjects: 0.464200 ms CreateObjectMapping: 0.051400 ms MarkObjects: 1.873900 ms  DeleteObjects: 0.105300 ms)

========================================================================
Received Prepare
Registering precompiled user dll's ...
Registered in 0.000737 seconds.
Begin MonoManager ReloadAssembly
Native extension for WindowsStandalone target not found
Native extension for WebGL target not found
Refreshing native plugins compatible for Editor in 0.66 ms, found 1 plugins.
Preloading 0 native plugins for Editor in 0.00 ms.
Invoked RoslynAnalysisRunner static constructor.
RoslynAnalysisRunner will not be running.
RoslynAnalysisRunner has terminated.
Mono: successfully reloaded assembly
- Completed reload, in  0.804 seconds
Platform modules already initialized, skipping
Refreshing native plugins compatible for Editor in 0.49 ms, found 1 plugins.
Preloading 0 native plugins for Editor in 0.00 ms.
Unloading 1807 Unused Serialized files (Serialized files now loaded: 0)
System memory in use before: 85.4 MB.
System memory in use after: 85.4 MB.

Unloading 12 unused Assets to reduce memory usage. Loaded Objects now: 2261.
Total: 1.760000 ms (FindLiveObjects: 0.168800 ms CreateObjectMapping: 0.041500 ms MarkObjects: 1.464400 ms  DeleteObjects: 0.084600 ms)

========================================================================
Received Import Request.
  Time since last request: 1028.256609 seconds.
  path: Assets/Scenes/Level1.unity
  artifactKey: Guid(36517c0ce76760748854d9c094f1ad85) Importer(815301076,1909f56bfc062723c751e8b465ee728b)
Start importing Assets/Scenes/Level1.unity using Guid(36517c0ce76760748854d9c094f1ad85) Importer(815301076,1909f56bfc062723c751e8b465ee728b)  -> (artifact id: '9ff99e5102b03687d20b4ff15b351cec') in 0.018334 seconds
  Import took 0.021889 seconds .

========================================================================
Received Prepare
Registering precompiled user dll's ...
Registered in 0.000784 seconds.
Begin MonoManager ReloadAssembly
Native extension for WindowsStandalone target not found
Native extension for WebGL target not found
Refreshing native plugins compatible for Editor in 0.56 ms, found 1 plugins.
Preloading 0 native plugins for Editor in 0.00 ms.
Invoked RoslynAnalysisRunner static constructor.
RoslynAnalysisRunner will not be running.
RoslynAnalysisRunner has terminated.
Mono: successfully reloaded assembly
- Completed reload, in  0.740 seconds
Platform modules already initialized, skipping
Refreshing native plugins compatible for Editor in 0.41 ms, found 1 plugins.
Preloading 0 native plugins for Editor in 0.00 ms.
Unloading 1807 Unused Serialized files (Serialized files now loaded: 0)
System memory in use before: 85.4 MB.
System memory in use after: 85.4 MB.

Unloading 12 unused Assets to reduce memory usage. Loaded Objects now: 2264.
Total: 3.218900 ms (FindLiveObjects: 0.402100 ms CreateObjectMapping: 0.053400 ms MarkObjects: 2.546600 ms  DeleteObjects: 0.215300 ms)

========================================================================
Received Prepare
Registering precompiled user dll's ...
Registered in 0.000867 seconds.
Begin MonoManager ReloadAssembly
Native extension for WindowsStandalone target not found
Native extension for WebGL target not found
Refreshing native plugins compatible for Editor in 0.42 ms, found 1 plugins.
Preloading 0 native plugins for Editor in 0.00 ms.
Invoked RoslynAnalysisRunner static constructor.
RoslynAnalysisRunner will not be running.
RoslynAnalysisRunner has terminated.
Mono: successfully reloaded assembly
- Completed reload, in  0.723 seconds
Platform modules already initialized, skipping
Refreshing native plugins compatible for Editor in 0.41 ms, found 1 plugins.
Preloading 0 native plugins for Editor in 0.00 ms.
Unloading 1807 Unused Serialized files (Serialized files now loaded: 0)
System memory in use before: 85.4 MB.
System memory in use after: 85.4 MB.

Unloading 12 unused Assets to reduce memory usage. Loaded Objects now: 2267.
Total: 4.633600 ms (FindLiveObjects: 0.386000 ms CreateObjectMapping: 0.069400 ms MarkObjects: 3.835200 ms  DeleteObjects: 0.340100 ms)

========================================================================
Received Prepare
Registering precompiled user dll's ...
Registered in 0.000974 seconds.
Begin MonoManager ReloadAssembly
Native extension for WindowsStandalone target not found
Native extension for WebGL target not found
Refreshing native plugins compatible for Editor in 0.37 ms, found 1 plugins.
Preloading 0 native plugins for Editor in 0.00 ms.
Invoked RoslynAnalysisRunner static constructor.
RoslynAnalysisRunner will not be running.
RoslynAnalysisRunner has terminated.
Mono: successfully reloaded assembly
- Completed reload, in  0.742 seconds
Platform modules already initialized, skipping
Refreshing native plugins compatible for Editor in 0.38 ms, found 1 plugins.
Preloading 0 native plugins for Editor in 0.00 ms.
Unloading 1807 Unused Serialized files (Serialized files now loaded: 0)
System memory in use before: 85.4 MB.
System memory in use after: 85.4 MB.

Unloading 12 unused Assets to reduce memory usage. Loaded Objects now: 2270.
Total: 1.951700 ms (FindLiveObjects: 0.186900 ms CreateObjectMapping: 0.042000 ms MarkObjects: 1.628500 ms  DeleteObjects: 0.093300 ms)

========================================================================
Received Prepare
Registering precompiled user dll's ...
Registered in 0.001037 seconds.
Begin MonoManager ReloadAssembly
Native extension for WindowsStandalone target not found
Native extension for WebGL target not found
Refreshing native plugins compatible for Editor in 0.48 ms, found 1 plugins.
Preloading 0 native plugins for Editor in 0.00 ms.
Invoked RoslynAnalysisRunner static constructor.
RoslynAnalysisRunner will not be running.
RoslynAnalysisRunner has terminated.
Mono: successfully reloaded assembly
- Completed reload, in  0.733 seconds
Platform modules already initialized, skipping
Refreshing native plugins compatible for Editor in 0.44 ms, found 1 plugins.
Preloading 0 native plugins for Editor in 0.00 ms.
Unloading 1807 Unused Serialized files (Serialized files now loaded: 0)
System memory in use before: 85.4 MB.
System memory in use after: 85.4 MB.

Unloading 12 unused Assets to reduce memory usage. Loaded Objects now: 2273.
Total: 3.116900 ms (FindLiveObjects: 0.323000 ms CreateObjectMapping: 0.046800 ms MarkObjects: 2.523300 ms  DeleteObjects: 0.222600 ms)

========================================================================
Received Prepare
Registering precompiled user dll's ...
Registered in 0.001607 seconds.
Begin MonoManager ReloadAssembly
Native extension for WindowsStandalone target not found
Native extension for WebGL target not found
Refreshing native plugins compatible for Editor in 0.44 ms, found 1 plugins.
Preloading 0 native plugins for Editor in 0.00 ms.
Invoked RoslynAnalysisRunner static constructor.
RoslynAnalysisRunner will not be running.
RoslynAnalysisRunner has terminated.
Mono: successfully reloaded assembly
- Completed reload, in  0.826 seconds
Platform modules already initialized, skipping
Refreshing native plugins compatible for Editor in 0.36 ms, found 1 plugins.
Preloading 0 native plugins for Editor in 0.00 ms.
Unloading 1807 Unused Serialized files (Serialized files now loaded: 0)
System memory in use before: 85.5 MB.
System memory in use after: 85.4 MB.

Unloading 12 unused Assets to reduce memory usage. Loaded Objects now: 2276.
Total: 1.745600 ms (FindLiveObjects: 0.221500 ms CreateObjectMapping: 0.040300 ms MarkObjects: 1.389700 ms  DeleteObjects: 0.093300 ms)

========================================================================
Received Prepare
Registering precompiled user dll's ...
Registered in 0.000873 seconds.
Begin MonoManager ReloadAssembly
Native extension for WindowsStandalone target not found
Native extension for WebGL target not found
Refreshing native plugins compatible for Editor in 0.41 ms, found 1 plugins.
Preloading 0 native plugins for Editor in 0.00 ms.
Invoked RoslynAnalysisRunner static constructor.
RoslynAnalysisRunner will not be running.
RoslynAnalysisRunner has terminated.
Mono: successfully reloaded assembly
- Completed reload, in  0.763 seconds
Platform modules already initialized, skipping
Refreshing native plugins compatible for Editor in 0.83 ms, found 1 plugins.
Preloading 0 native plugins for Editor in 0.00 ms.
Unloading 1807 Unused Serialized files (Serialized files now loaded: 0)
System memory in use before: 85.5 MB.
System memory in use after: 85.5 MB.

Unloading 12 unused Assets to reduce memory usage. Loaded Objects now: 2279.
Total: 2.252700 ms (FindLiveObjects: 0.297200 ms CreateObjectMapping: 0.047900 ms MarkObjects: 1.735000 ms  DeleteObjects: 0.170900 ms)

========================================================================
Received Prepare
Registering precompiled user dll's ...
Registered in 0.001995 seconds.
Begin MonoManager ReloadAssembly
Native extension for WindowsStandalone target not found
Native extension for WebGL target not found
Refreshing native plugins compatible for Editor in 49.38 ms, found 1 plugins.
Preloading 0 native plugins for Editor in 0.00 ms.
Invoked RoslynAnalysisRunner static constructor.
RoslynAnalysisRunner will not be running.
RoslynAnalysisRunner has terminated.
Mono: successfully reloaded assembly
- Completed reload, in  4.272 seconds
Platform modules already initialized, skipping
Shader 'Universal Render Pipeline/Nature/SpeedTree7': dependency 'BillboardShader' shader 'Universal Render Pipeline/Nature/SpeedTree7 Billboard' not found
Shader 'Universal Render Pipeline/Baked Lit': fallback shader 'Universal Render Pipeline/Unlit' not found
Shader 'Universal Render Pipeline/Simple Lit': fallback shader 'Hidden/Universal Render Pipeline/FallbackError' not found
Shader 'Universal Render Pipeline/Terrain/Lit': fallback shader 'Hidden/Universal Render Pipeline/FallbackError' not found
Shader 'Universal Render Pipeline/Terrain/Lit': dependency 'AddPassShader' shader 'Hidden/Universal Render Pipeline/Terrain/Lit (Add Pass)' not found
Shader 'Universal Render Pipeline/Terrain/Lit': dependency 'BaseMapShader' shader 'Hidden/Universal Render Pipeline/Terrain/Lit (Base Pass)' not found
Shader 'Universal Render Pipeline/Terrain/Lit': dependency 'BaseMapGenShader' shader 'Hidden/Universal Render Pipeline/Terrain/Lit (Basemap Gen)' not found
Shader 'Hidden/Universal Render Pipeline/Terrain/Lit (Add Pass)': fallback shader 'Hidden/Universal Render Pipeline/FallbackError' not found
Shader 'Hidden/Universal Render Pipeline/Terrain/Lit (Base Pass)': fallback shader 'Hidden/Universal Render Pipeline/FallbackError' not found
Shader 'Universal Render Pipeline/Particles/Lit': fallback shader 'Universal Render Pipeline/Particles/SimpleLit' not found
Shader 'Universal Render Pipeline/Particles/Lit': fallback shader 'Universal Render Pipeline/Particles/SimpleLit' not found
Refreshing native plugins compatible for Editor in 0.60 ms, found 1 plugins.
Preloading 0 native plugins for Editor in 0.00 ms.
Unloading 2900 Unused Serialized files (Serialized files now loaded: 0)
System memory in use before: 123.7 MB.
System memory in use after: 120.1 MB.

Unloading 69 unused Assets to reduce memory usage. Loaded Objects now: 3318.
Total: 3.971600 ms (FindLiveObjects: 0.308100 ms CreateObjectMapping: 0.076600 ms MarkObjects: 2.061000 ms  DeleteObjects: 1.524800 ms)

========================================================================
Received Import Request.
  Time since last request: 687.547287 seconds.
  path: Assets
  artifactKey: Guid(00000000000000001000000000000000) Importer(815301076,1909f56bfc062723c751e8b465ee728b)
Start importing Assets using Guid(00000000000000001000000000000000) Importer(815301076,1909f56bfc062723c751e8b465ee728b)  -> (artifact id: 'edc3feb264a98656617d3c2cb59c8f16') in 0.016244 seconds
  Import took 0.021091 seconds .

========================================================================
Received Import Request.
  Time since last request: 14.639194 seconds.
  path: Assets/RenderPipeline
  artifactKey: Guid(185924c2dfb4ede459bd215e8a19225e) Importer(815301076,1909f56bfc062723c751e8b465ee728b)
Start importing Assets/RenderPipeline using Guid(185924c2dfb4ede459bd215e8a19225e) Importer(815301076,1909f56bfc062723c751e8b465ee728b)  -> (artifact id: 'aaab7b54027d4135da98ea37e429462c') in 0.008149 seconds
  Import took 0.012873 seconds .

========================================================================
Received Import Request.
  Time since last request: 53.253339 seconds.
  path: Assets/RenderPipeline/UniversalRenderPipelineAsset.asset
  artifactKey: Guid(e948d115df31d4042a43b67cd812627d) Importer(815301076,1909f56bfc062723c751e8b465ee728b)
Start importing Assets/RenderPipeline/UniversalRenderPipelineAsset.asset using Guid(e948d115df31d4042a43b67cd812627d) Importer(815301076,1909f56bfc062723c751e8b465ee728b)  -> (artifact id: 'ee3acec41efb3ff86834a17217d9d8ad') in 0.059702 seconds
  Import took 0.066603 seconds .

========================================================================
Received Import Request.
  Time since last request: 0.000289 seconds.
  path: Assets/RenderPipeline/UniversalRenderPipelineAsset_Renderer.asset
  artifactKey: Guid(37ae9dddeae7af544ae53765c1577d7c) Importer(815301076,1909f56bfc062723c751e8b465ee728b)
Start importing Assets/RenderPipeline/UniversalRenderPipelineAsset_Renderer.asset using Guid(37ae9dddeae7af544ae53765c1577d7c) Importer(815301076,1909f56bfc062723c751e8b465ee728b)  -> (artifact id: 'cc6548e953ca2978c9e81d9d2e8de568') in 0.037770 seconds
  Import took 0.043920 seconds .

========================================================================
Received Import Request.
  Time since last request: 36.774390 seconds.
  path: Assets/RenderPipeline/New 2D Renderer Data.asset
  artifactKey: Guid(d2e0637959a2f254fa1c5ebdb8b80894) Importer(815301076,1909f56bfc062723c751e8b465ee728b)
Start importing Assets/RenderPipeline/New 2D Renderer Data.asset using Guid(d2e0637959a2f254fa1c5ebdb8b80894) Importer(815301076,1909f56bfc062723c751e8b465ee728b)  -> (artifact id: '0ae8331fb2e3944474eecf851704fc69') in 0.031028 seconds
  Import took 0.040918 seconds .

========================================================================
Received Import Request.
  Time since last request: 165.413570 seconds.
  path: Packages/com.unity.render-pipelines.universal/package.json
  artifactKey: Guid(30648b8d550465f4bb77f1e1afd0b37d) Importer(815301076,1909f56bfc062723c751e8b465ee728b)
Start importing Packages/com.unity.render-pipelines.universal/package.json using Guid(30648b8d550465f4bb77f1e1afd0b37d) Importer(815301076,1909f56bfc062723c751e8b465ee728b)  -> (artifact id: '0575cca32c7307b2557752d6263b0532') in 0.017340 seconds
  Import took 0.023415 seconds .

========================================================================
Received Import Request.
  Time since last request: 5.736380 seconds.
  path: Packages/com.unity.render-pipelines.universal/Runtime
  artifactKey: Guid(79e8584360be43649ad60cb0f180e904) Importer(815301076,1909f56bfc062723c751e8b465ee728b)
Start importing Packages/com.unity.render-pipelines.universal/Runtime using Guid(79e8584360be43649ad60cb0f180e904) Importer(815301076,1909f56bfc062723c751e8b465ee728b)  -> (artifact id: '5ad5cb60c6a8bad93a11eeb9eb26e8d2') in 0.009829 seconds
  Import took 0.016975 seconds .

========================================================================
Received Import Request.
  Time since last request: 0.063289 seconds.
  path: Packages/com.unity.render-pipelines.universal/Runtime/Unity.RenderPipelines.Universal.Runtime.asmdef
  artifactKey: Guid(15fc0a57446b3144c949da3e2b9737a9) Importer(815301076,1909f56bfc062723c751e8b465ee728b)
Start importing Packages/com.unity.render-pipelines.universal/Runtime/Unity.RenderPipelines.Universal.Runtime.asmdef using Guid(15fc0a57446b3144c949da3e2b9737a9) Importer(815301076,1909f56bfc062723c751e8b465ee728b)  -> (artifact id: '2cd55dc308c7f1a8510605cd64a0e9a5') in 0.010272 seconds
  Import took 0.015084 seconds .

========================================================================
Received Import Request.
  Time since last request: 2.833075 seconds.
  path: Packages/com.unity.render-pipelines.universal/Runtime/Materials
  artifactKey: Guid(7f10efc5458aa44a2928a72c38807544) Importer(815301076,1909f56bfc062723c751e8b465ee728b)
Start importing Packages/com.unity.render-pipelines.universal/Runtime/Materials using Guid(7f10efc5458aa44a2928a72c38807544) Importer(815301076,1909f56bfc062723c751e8b465ee728b)  -> (artifact id: '7db672844588815e308c3372021960d0') in 0.007407 seconds
  Import took 0.012506 seconds .

========================================================================
Received Import Request.
  Time since last request: 0.073555 seconds.
  path: Packages/com.unity.render-pipelines.universal/Runtime/Materials/Lit.mat
  artifactKey: Guid(31321ba15b8f8eb4c954353edc038b1d) Importer(815301076,1909f56bfc062723c751e8b465ee728b)
Start importing Packages/com.unity.render-pipelines.universal/Runtime/Materials/Lit.mat using Guid(31321ba15b8f8eb4c954353edc038b1d) Importer(815301076,1909f56bfc062723c751e8b465ee728b)  -> (artifact id: '084dc3bebbfcdffea135f4607c566373') in 0.080453 seconds
  Import took 0.085494 seconds .

========================================================================
Received Import Request.
  Time since last request: 0.000357 seconds.
  path: Packages/com.unity.render-pipelines.universal/Runtime/Materials/ParticlesUnlit.mat
  artifactKey: Guid(e823cd5b5d27c0f4b8256e7c12ee3e6d) Importer(815301076,1909f56bfc062723c751e8b465ee728b)
Start importing Packages/com.unity.render-pipelines.universal/Runtime/Materials/ParticlesUnlit.mat using Guid(e823cd5b5d27c0f4b8256e7c12ee3e6d) Importer(815301076,1909f56bfc062723c751e8b465ee728b)  -> (artifact id: '56325f8e6eb1939ded89c2159a2df998') in 0.016681 seconds
  Import took 0.022061 seconds .

========================================================================
Received Import Request.
  Time since last request: 0.000229 seconds.
  path: Packages/com.unity.render-pipelines.universal/Runtime/Materials/TerrainLit.mat
  artifactKey: Guid(594ea882c5a793440b60ff72d896021e) Importer(815301076,1909f56bfc062723c751e8b465ee728b)
Start importing Packages/com.unity.render-pipelines.universal/Runtime/Materials/TerrainLit.mat using Guid(594ea882c5a793440b60ff72d896021e) Importer(815301076,1909f56bfc062723c751e8b465ee728b)  -> (artifact id: '20bcfac61f7d8c7988cb9a897f09d4e8') in 0.018595 seconds
  Import took 0.026394 seconds .

========================================================================
Received Import Request.
  Time since last request: 0.000296 seconds.
  path: Packages/com.unity.render-pipelines.universal/Runtime/Materials/Sprite-Unlit-Default.mat
  artifactKey: Guid(9dfc825aed78fcd4ba02077103263b40) Importer(815301076,1909f56bfc062723c751e8b465ee728b)
Start importing Packages/com.unity.render-pipelines.universal/Runtime/Materials/Sprite-Unlit-Default.mat using Guid(9dfc825aed78fcd4ba02077103263b40) Importer(815301076,1909f56bfc062723c751e8b465ee728b)  -> (artifact id: '23a3a276e48d5160d1c4e2d510ebd9b7') in 0.020973 seconds
  Import took 0.026080 seconds .

========================================================================
Received Import Request.
  Time since last request: 0.000302 seconds.
  path: Packages/com.unity.render-pipelines.universal/Runtime/Materials/SimpleLit.mat
  artifactKey: Guid(6a1143ee683302f4aa628c052723efc1) Importer(815301076,1909f56bfc062723c751e8b465ee728b)
Start importing Packages/com.unity.render-pipelines.universal/Runtime/Materials/SimpleLit.mat using Guid(6a1143ee683302f4aa628c052723efc1) Importer(815301076,1909f56bfc062723c751e8b465ee728b) Shader error in 'Universal Render Pipeline/Simple Lit': Couldn't open include file 'Packages/com.unity.render-pipelines.universal/Shaders/SimpleLitInput.hlsl'. at line 134

Compiling Fragment program with _GLOSSINESS_FROM_BASE_ALPHA
Platform defines: UNITY_ENABLE_REFLECTION_BUFFERS UNITY_USE_DITHER_MASK_FOR_ALPHABLENDED_SHADOWS UNITY_PBS_USE_BRDF1 UNITY_SPECCUBE_BOX_PROJECTION UNITY_SPECCUBE_BLENDING UNITY_ENABLE_DETAIL_NORMALMAP SHADER_API_DESKTOP UNITY_COLORSPACE_GAMMA UNITY_LIGHT_PROBE_PROXY_VOLUME UNITY_LIGHTMAP_FULL_HDR UNITY_PASS_SHADOWCASTER
Disabled keywords: DOTS_INSTANCING_ON INSTANCING_ON _ALPHATEST_ON UNITY_NO_DXT5nm UNITY_ENABLE_NATIVE_SHADOW_LOOKUPS UNITY_METAL_SHADOWS_USE_POINT_FILTERING UNITY_NO_SCREENSPACE_SHADOWS UNITY_PBS_USE_BRDF2 UNITY_PBS_USE_BRDF3 UNITY_NO_FULL_STANDARD_SHADER UNITY_HARDWARE_TIER1 UNITY_HARDWARE_TIER2 UNITY_HARDWARE_TIER3 UNITY_HALF_PRECISION_FRAGMENT_SHADER_REGISTERS UNITY_LIGHTMAP_DLDR_ENCODING UNITY_LIGHTMAP_RGBM_ENCODING UNITY_VIRTUAL_TEXTURING UNITY_PRETRANSFORM_TO_DISPLAY_ORIENTATION UNITY_ASTC_NORMALMAP_ENCODING SHADER_API_GLES30

 -> (artifact id: '3670630e1de571da12bf6972f387fd60') in 0.020359 seconds
  Import took 0.025633 seconds .

========================================================================
Received Import Request.
  Time since last request: 0.000268 seconds.
  path: Packages/com.unity.render-pipelines.universal/Runtime/Materials/Sprite-Lit-Default.mat
  artifactKey: Guid(a97c105638bdf8b4a8650670310a4cd3) Importer(815301076,1909f56bfc062723c751e8b465ee728b)
Start importing Packages/com.unity.render-pipelines.universal/Runtime/Materials/Sprite-Lit-Default.mat using Guid(a97c105638bdf8b4a8650670310a4cd3) Importer(815301076,1909f56bfc062723c751e8b465ee728b)  -> (artifact id: '14c8cc10c663add119163369b228535f') in 0.013865 seconds
  Import took 0.018119 seconds .

========================================================================
Received Import Request.
  Time since last request: 0.000229 seconds.
  path: Packages/com.unity.render-pipelines.universal/Runtime/Materials/SimpleLit.mat
  artifactKey: Guid(6a1143ee683302f4aa628c052723efc1) Importer(815301076,1909f56bfc062723c751e8b465ee728b)
Start importing Packages/com.unity.render-pipelines.universal/Runtime/Materials/SimpleLit.mat using Guid(6a1143ee683302f4aa628c052723efc1) Importer(815301076,1909f56bfc062723c751e8b465ee728b) Shader error in 'Universal Render Pipeline/Simple Lit': Couldn't open include file 'Packages/com.unity.render-pipelines.universal/Shaders/SimpleLitInput.hlsl'. at line 134

Compiling Fragment program with _GLOSSINESS_FROM_BASE_ALPHA
Platform defines: UNITY_ENABLE_REFLECTION_BUFFERS UNITY_USE_DITHER_MASK_FOR_ALPHABLENDED_SHADOWS UNITY_PBS_USE_BRDF1 UNITY_SPECCUBE_BOX_PROJECTION UNITY_SPECCUBE_BLENDING UNITY_ENABLE_DETAIL_NORMALMAP SHADER_API_DESKTOP UNITY_COLORSPACE_GAMMA UNITY_LIGHT_PROBE_PROXY_VOLUME UNITY_LIGHTMAP_FULL_HDR UNITY_PASS_SHADOWCASTER
Disabled keywords: DOTS_INSTANCING_ON INSTANCING_ON _ALPHATEST_ON UNITY_NO_DXT5nm UNITY_ENABLE_NATIVE_SHADOW_LOOKUPS UNITY_METAL_SHADOWS_USE_POINT_FILTERING UNITY_NO_SCREENSPACE_SHADOWS UNITY_PBS_USE_BRDF2 UNITY_PBS_USE_BRDF3 UNITY_NO_FULL_STANDARD_SHADER UNITY_HARDWARE_TIER1 UNITY_HARDWARE_TIER2 UNITY_HARDWARE_TIER3 UNITY_HALF_PRECISION_FRAGMENT_SHADER_REGISTERS UNITY_LIGHTMAP_DLDR_ENCODING UNITY_LIGHTMAP_RGBM_ENCODING UNITY_VIRTUAL_TEXTURING UNITY_PRETRANSFORM_TO_DISPLAY_ORIENTATION UNITY_ASTC_NORMALMAP_ENCODING SHADER_API_GLES30

 -> (artifact id: '3670630e1de571da12bf6972f387fd60') in 0.013496 seconds
  Import took 0.017626 seconds .

========================================================================
Received Import Request.
  Time since last request: 0.000196 seconds.
  path: Packages/com.unity.render-pipelines.universal/Runtime/Materials/Sprite-Lit-Default.mat
  artifactKey: Guid(a97c105638bdf8b4a8650670310a4cd3) Importer(815301076,1909f56bfc062723c751e8b465ee728b)
Start importing Packages/com.unity.render-pipelines.universal/Runtime/Materials/Sprite-Lit-Default.mat using Guid(a97c105638bdf8b4a8650670310a4cd3) Importer(815301076,1909f56bfc062723c751e8b465ee728b)  -> (artifact id: '14c8cc10c663add119163369b228535f') in 0.008961 seconds
  Import took 0.013759 seconds .

========================================================================
Received Prepare
Switching render pipeline 00000000000000000000000000000000 -> e948d115df31d4042a43b67cd812627d
Shader 'Universal Render Pipeline/Particles/Lit': fallback shader 'Universal Render Pipeline/Particles/SimpleLit' not found
Shader 'Universal Render Pipeline/Particles/Lit': fallback shader 'Universal Render Pipeline/Particles/SimpleLit' not found
Refreshing native plugins compatible for Editor in 2.16 ms, found 1 plugins.
Preloading 0 native plugins for Editor in 0.00 ms.
Unloading 114 Unused Serialized files (Serialized files now loaded: 0)
System memory in use before: 75.1 MB.
System memory in use after: 73.4 MB.

Unloading 41 unused Assets to reduce memory usage. Loaded Objects now: 3433.
Total: 5.397300 ms (FindLiveObjects: 0.325600 ms CreateObjectMapping: 0.075800 ms MarkObjects: 3.397100 ms  DeleteObjects: 1.597000 ms)

AssetImportParameters requested are different than current active one (requested -> active):
  custom:srp/default-shader: 0000e00a000e0de00000e000e02d0000 -> 0000e00a000e0de00000e000e0000000
========================================================================
Received Import Request.
  Time since last request: 50.027122 seconds.
  path: Assets/Scenes/Prefabs/Fly.prefab
  artifactKey: Guid(eb85b9a70a6980b429093588fd0fbac5) Importer(815301076,1909f56bfc062723c751e8b465ee728b)
Start importing Assets/Scenes/Prefabs/Fly.prefab using Guid(eb85b9a70a6980b429093588fd0fbac5) Importer(815301076,1909f56bfc062723c751e8b465ee728b)  -> (artifact id: 'e13f4e604d2f3a9d2619052b47b993bb') in 0.147800 seconds
  Import took 0.154553 seconds .

========================================================================
Received Import Request.
  Time since last request: 15.618191 seconds.
  path: Assets/Scenes/Prefabs/Jump effect.prefab
  artifactKey: Guid(b542d36da38700b48a81e2da41c84892) Importer(815301076,1909f56bfc062723c751e8b465ee728b)
Start importing Assets/Scenes/Prefabs/Jump effect.prefab using Guid(b542d36da38700b48a81e2da41c84892) Importer(815301076,1909f56bfc062723c751e8b465ee728b)  -> (artifact id: '1d010a12b9c0a8dd6b4d28b76d9becc7') in 0.012333 seconds
  Import took 0.018281 seconds .

========================================================================
Received Import Request.
  Time since last request: 0.028393 seconds.
  path: Assets/Scenes/Prefabs/Jump effect.prefab
  artifactKey: Guid(b542d36da38700b48a81e2da41c84892) Importer(815301076,1909f56bfc062723c751e8b465ee728b)
Start importing Assets/Scenes/Prefabs/Jump effect.prefab using Guid(b542d36da38700b48a81e2da41c84892) Importer(815301076,1909f56bfc062723c751e8b465ee728b)  -> (artifact id: '1d010a12b9c0a8dd6b4d28b76d9becc7') in 0.006845 seconds
  Import took 0.012528 seconds .

========================================================================
Received Import Request.
  Time since last request: 0.000226 seconds.
  path: Assets/Scenes/Materials/Square.mat
  artifactKey: Guid(6ebcb5c5212e29d44bf349efaab86a75) Importer(815301076,1909f56bfc062723c751e8b465ee728b)
Start importing Assets/Scenes/Materials/Square.mat using Guid(6ebcb5c5212e29d44bf349efaab86a75) Importer(815301076,1909f56bfc062723c751e8b465ee728b)  -> (artifact id: 'b3e38ee9f92ce454c71a2f0bd22c2cda') in 0.012252 seconds
  Import took 0.017461 seconds .

========================================================================
Received Import Request.
  Time since last request: 0.000300 seconds.
  path: Assets/Scenes/Prefabs/GameManager.prefab
  artifactKey: Guid(d919d8c6f7b9c0740832617cfcc81a7f) Importer(815301076,1909f56bfc062723c751e8b465ee728b)
Start importing Assets/Scenes/Prefabs/GameManager.prefab using Guid(d919d8c6f7b9c0740832617cfcc81a7f) Importer(815301076,1909f56bfc062723c751e8b465ee728b)  -> (artifact id: '7450912e1a2fc75adf32675b23a1fbb0') in 0.007832 seconds
  Import took 0.013185 seconds .

========================================================================
Received Import Request.
  Time since last request: 0.000252 seconds.
  path: Assets/Scenes/Prefabs/Spawn point.prefab
  artifactKey: Guid(c9d50d3d3cd0c504f86547ad17369125) Importer(815301076,1909f56bfc062723c751e8b465ee728b)
Start importing Assets/Scenes/Prefabs/Spawn point.prefab using Guid(c9d50d3d3cd0c504f86547ad17369125) Importer(815301076,1909f56bfc062723c751e8b465ee728b)  -> (artifact id: 'cf872df46bfeae35e2ffe8fcecd38166') in 0.010072 seconds
  Import took 0.014626 seconds .

========================================================================
Received Import Request.
  Time since last request: 0.000271 seconds.
  path: Assets/Scenes/Prefabs/HUD.prefab
  artifactKey: Guid(add7a1c0f389ba442be0f34aa44d939d) Importer(815301076,1909f56bfc062723c751e8b465ee728b)
Start importing Assets/Scenes/Prefabs/HUD.prefab using Guid(add7a1c0f389ba442be0f34aa44d939d) Importer(815301076,1909f56bfc062723c751e8b465ee728b)  -> (artifact id: '2525cbfd6c1981dce5706de0ef9e160c') in 0.014274 seconds
  Import took 0.019094 seconds .

========================================================================
Received Import Request.
  Time since last request: 0.000282 seconds.
  path: Assets/Scenes/Prefabs/FlyTracker.prefab
  artifactKey: Guid(566ce250f41d6cd478186450577c627c) Importer(815301076,1909f56bfc062723c751e8b465ee728b)
Start importing Assets/Scenes/Prefabs/FlyTracker.prefab using Guid(566ce250f41d6cd478186450577c627c) Importer(815301076,1909f56bfc062723c751e8b465ee728b)  -> (artifact id: 'ffd06ec51c1dc3e57e41d9265090bc7b') in 0.013599 seconds
  Import took 0.018697 seconds .

========================================================================
Received Import Request.
  Time since last request: 2.069696 seconds.
  path: Assets/Scenes/Prefabs/LevelEnd.prefab
  artifactKey: Guid(6a877bc3ffbcc394592bd12166a75015) Importer(815301076,1909f56bfc062723c751e8b465ee728b)
Start importing Assets/Scenes/Prefabs/LevelEnd.prefab using Guid(6a877bc3ffbcc394592bd12166a75015) Importer(815301076,1909f56bfc062723c751e8b465ee728b)  -> (artifact id: '1147ffc9ab0a2b5dd8619f188a6d9d21') in 0.013987 seconds
  Import took 0.019461 seconds .

========================================================================
Received Import Request.
  Time since last request: 34.947763 seconds.
  path: Assets/Scenes/Prefabs/LevelEnd.prefab
  artifactKey: Guid(6a877bc3ffbcc394592bd12166a75015) Importer(815301076,1909f56bfc062723c751e8b465ee728b)
Start importing Assets/Scenes/Prefabs/LevelEnd.prefab using Guid(6a877bc3ffbcc394592bd12166a75015) Importer(815301076,1909f56bfc062723c751e8b465ee728b)  -> (artifact id: '3c356b1bfc8fcc9acd11cea0ac95e2e1') in 0.013377 seconds
  Import took 0.020237 seconds .

========================================================================
Received Import Request.
  Time since last request: 6.030922 seconds.
  path: Assets/Scenes/Prefabs/Platform.prefab
  artifactKey: Guid(e1f800ee69bf00146a4faf4f6b6c87ea) Importer(815301076,1909f56bfc062723c751e8b465ee728b)
Start importing Assets/Scenes/Prefabs/Platform.prefab using Guid(e1f800ee69bf00146a4faf4f6b6c87ea) Importer(815301076,1909f56bfc062723c751e8b465ee728b)  -> (artifact id: '0fa28de0c12e96a7ebe9878d8cd54b09') in 0.011254 seconds
  Import took 0.016092 seconds .

========================================================================
Received Import Request.
  Time since last request: 4.530527 seconds.
  path: Assets/Scenes/Prefabs/Platform.prefab
  artifactKey: Guid(e1f800ee69bf00146a4faf4f6b6c87ea) Importer(815301076,1909f56bfc062723c751e8b465ee728b)
Start importing Assets/Scenes/Prefabs/Platform.prefab using Guid(e1f800ee69bf00146a4faf4f6b6c87ea) Importer(815301076,1909f56bfc062723c751e8b465ee728b)  -> (artifact id: 'e8bf0a69498a15684dd96fc9c09bfee7') in 0.009256 seconds
  Import took 0.016936 seconds .

========================================================================
Received Import Request.
  Time since last request: 8.872220 seconds.
  path: Assets/Scenes/Prefabs/Player.prefab
  artifactKey: Guid(cb353bb8e37e0ed4181090b3a7dd0650) Importer(815301076,1909f56bfc062723c751e8b465ee728b)
Start importing Assets/Scenes/Prefabs/Player.prefab using Guid(cb353bb8e37e0ed4181090b3a7dd0650) Importer(815301076,1909f56bfc062723c751e8b465ee728b)  -> (artifact id: 'ca77b58d945c49355f864a7bcd50c2cc') in 0.014503 seconds
  Import took 0.020717 seconds .

========================================================================
Received Import Request.
  Time since last request: 4.613437 seconds.
  path: Assets/Scenes/Prefabs/Sky.prefab
  artifactKey: Guid(d372758f84aca88488e7a01d593a57fb) Importer(815301076,1909f56bfc062723c751e8b465ee728b)
Start importing Assets/Scenes/Prefabs/Sky.prefab using Guid(d372758f84aca88488e7a01d593a57fb) Importer(815301076,1909f56bfc062723c751e8b465ee728b)  -> (artifact id: '0727b53b4f9df3232803986d4a3b58ca') in 0.017481 seconds
  Import took 0.026167 seconds .

========================================================================
Received Import Request.
  Time since last request: 5.037046 seconds.
  path: Assets/Scenes/Prefabs/Sky.prefab
  artifactKey: Guid(d372758f84aca88488e7a01d593a57fb) Importer(815301076,1909f56bfc062723c751e8b465ee728b)
Start importing Assets/Scenes/Prefabs/Sky.prefab using Guid(d372758f84aca88488e7a01d593a57fb) Importer(815301076,1909f56bfc062723c751e8b465ee728b)  -> (artifact id: '7c1ac3e82faa0ae255eed2b324669866') in 0.011156 seconds
  Import took 0.017289 seconds .

========================================================================
Received Import Request.
  Time since last request: 12.377690 seconds.
  path: Assets/Scenes/Prefabs/Water.prefab
  artifactKey: Guid(8b7218e878876d64b97d8bf105c16ade) Importer(815301076,1909f56bfc062723c751e8b465ee728b)
Start importing Assets/Scenes/Prefabs/Water.prefab using Guid(8b7218e878876d64b97d8bf105c16ade) Importer(815301076,1909f56bfc062723c751e8b465ee728b)  -> (artifact id: '95b1bfde9bb121018676f81d65c9363a') in 0.012922 seconds
  Import took 0.018128 seconds .

========================================================================
Received Import Request.
  Time since last request: 10.677632 seconds.
  path: Assets/Scenes/Prefabs/Water.prefab
  artifactKey: Guid(8b7218e878876d64b97d8bf105c16ade) Importer(815301076,1909f56bfc062723c751e8b465ee728b)
Start importing Assets/Scenes/Prefabs/Water.prefab using Guid(8b7218e878876d64b97d8bf105c16ade) Importer(815301076,1909f56bfc062723c751e8b465ee728b)  -> (artifact id: 'df7812f5006fc169c9302ff593b79ba5') in 0.010759 seconds
  Import took 0.016395 seconds .

========================================================================
Received Import Request.
  Time since last request: 255.562079 seconds.
  path: Assets/Scenes/Prefabs/Jump effect.prefab
  artifactKey: Guid(b542d36da38700b48a81e2da41c84892) Importer(815301076,1909f56bfc062723c751e8b465ee728b)
Start importing Assets/Scenes/Prefabs/Jump effect.prefab using Guid(b542d36da38700b48a81e2da41c84892) Importer(815301076,1909f56bfc062723c751e8b465ee728b)  -> (artifact id: 'ceb8555ab157bcc46b68c4bf0947e4ec') in 0.005098 seconds
  Import took 0.012018 seconds .

========================================================================
Received Import Request.
  Time since last request: 0.001418 seconds.
  path: Packages/com.unity.render-pipelines.universal/Runtime/Materials/ParticlesUnlit.mat
  artifactKey: Guid(e823cd5b5d27c0f4b8256e7c12ee3e6d) Importer(815301076,1909f56bfc062723c751e8b465ee728b)
Start importing Packages/com.unity.render-pipelines.universal/Runtime/Materials/ParticlesUnlit.mat using Guid(e823cd5b5d27c0f4b8256e7c12ee3e6d) Importer(815301076,1909f56bfc062723c751e8b465ee728b)  -> (artifact id: 'dabb7c453c908d374c7692e56bec9036') in 0.018923 seconds
  Import took 0.025410 seconds .

========================================================================
Received Import Request.
  Time since last request: 42.024164 seconds.
  path: Assets/Scenes/Level2.unity
  artifactKey: Guid(f3dd28beb58b55d4ab60c6bd7a0e9b7c) Importer(815301076,1909f56bfc062723c751e8b465ee728b)
Start importing Assets/Scenes/Level2.unity using Guid(f3dd28beb58b55d4ab60c6bd7a0e9b7c) Importer(815301076,1909f56bfc062723c751e8b465ee728b)  -> (artifact id: '0daefdaf68c3709358b4a7e41aa7de7a') in 0.007470 seconds
  Import took 0.012780 seconds .

========================================================================
Received Import Request.
  Time since last request: 111.722881 seconds.
  path: Assets/Scenes/Scripts/ShakingPlatform.cs
  artifactKey: Guid(3232584152b609f448d4631d68dcb6e3) Importer(815301076,1909f56bfc062723c751e8b465ee728b)
Start importing Assets/Scenes/Scripts/ShakingPlatform.cs using Guid(3232584152b609f448d4631d68dcb6e3) Importer(815301076,1909f56bfc062723c751e8b465ee728b)  -> (artifact id: '4d086003a01cece0e3ed2ace361a3c1e') in 0.006694 seconds
  Import took 0.012176 seconds .

========================================================================
Received Prepare
Registering precompiled user dll's ...
Registered in 0.002802 seconds.
Begin MonoManager ReloadAssembly
Native extension for WindowsStandalone target not found
Native extension for WebGL target not found
Refreshing native plugins compatible for Editor in 1.14 ms, found 1 plugins.
Preloading 0 native plugins for Editor in 0.00 ms.
Invoked RoslynAnalysisRunner static constructor.
RoslynAnalysisRunner will not be running.
RoslynAnalysisRunner has terminated.
Mono: successfully reloaded assembly
- Completed reload, in  0.983 seconds
Platform modules already initialized, skipping
Shader 'Universal Render Pipeline/Particles/Lit': fallback shader 'Universal Render Pipeline/Particles/SimpleLit' not found
Shader 'Universal Render Pipeline/Particles/Lit': fallback shader 'Universal Render Pipeline/Particles/SimpleLit' not found
Refreshing native plugins compatible for Editor in 0.52 ms, found 1 plugins.
Preloading 0 native plugins for Editor in 0.00 ms.
Unloading 2874 Unused Serialized files (Serialized files now loaded: 0)
System memory in use before: 130.5 MB.
System memory in use after: 128.9 MB.

Unloading 41 unused Assets to reduce memory usage. Loaded Objects now: 3479.
Total: 3.062600 ms (FindLiveObjects: 0.313100 ms CreateObjectMapping: 0.146400 ms MarkObjects: 1.756000 ms  DeleteObjects: 0.846400 ms)

AssetImportParameters requested are different than current active one (requested -> active):
  custom:srp/default-shader: 0000e00a000e0de00000e000e02d0000 -> 0000e00a000e0de00000e000e0000000
========================================================================
Received Prepare
Registering precompiled user dll's ...
Registered in 0.001783 seconds.
Begin MonoManager ReloadAssembly
Native extension for WindowsStandalone target not found
Native extension for WebGL target not found
Refreshing native plugins compatible for Editor in 0.59 ms, found 1 plugins.
Preloading 0 native plugins for Editor in 0.00 ms.
Invoked RoslynAnalysisRunner static constructor.
RoslynAnalysisRunner will not be running.
RoslynAnalysisRunner has terminated.
Mono: successfully reloaded assembly
- Completed reload, in  0.925 seconds
Platform modules already initialized, skipping
Shader 'Universal Render Pipeline/Particles/Lit': fallback shader 'Universal Render Pipeline/Particles/SimpleLit' not found
Shader 'Universal Render Pipeline/Particles/Lit': fallback shader 'Universal Render Pipeline/Particles/SimpleLit' not found
Refreshing native plugins compatible for Editor in 0.54 ms, found 1 plugins.
Preloading 0 native plugins for Editor in 0.00 ms.
Unloading 2872 Unused Serialized files (Serialized files now loaded: 0)
System memory in use before: 130.4 MB.
System memory in use after: 128.8 MB.

Unloading 40 unused Assets to reduce memory usage. Loaded Objects now: 3482.
Total: 3.185000 ms (FindLiveObjects: 0.363800 ms CreateObjectMapping: 0.080700 ms MarkObjects: 1.821200 ms  DeleteObjects: 0.918300 ms)

AssetImportParameters requested are different than current active one (requested -> active):
  custom:srp/default-shader: 0000e00a000e0de00000e000e02d0000 -> 0000e00a000e0de00000e000e0000000
========================================================================
Received Import Request.
  Time since last request: 1027.350174 seconds.
  path: Assets/Scenes/Scripts/ShakingPlatform.cs
  artifactKey: Guid(3232584152b609f448d4631d68dcb6e3) Importer(815301076,1909f56bfc062723c751e8b465ee728b)
Start importing Assets/Scenes/Scripts/ShakingPlatform.cs using Guid(3232584152b609f448d4631d68dcb6e3) Importer(815301076,1909f56bfc062723c751e8b465ee728b)  -> (artifact id: 'f6a759bb0632b57daa055a36219e2811') in 0.005892 seconds
  Import took 0.010157 seconds .

========================================================================
Received Prepare
Registering precompiled user dll's ...
Registered in 0.001415 seconds.
Begin MonoManager ReloadAssembly
Native extension for WindowsStandalone target not found
Native extension for WebGL target not found
Refreshing native plugins compatible for Editor in 0.79 ms, found 1 plugins.
Preloading 0 native plugins for Editor in 0.00 ms.
Invoked RoslynAnalysisRunner static constructor.
RoslynAnalysisRunner will not be running.
RoslynAnalysisRunner has terminated.
Mono: successfully reloaded assembly
- Completed reload, in  0.898 seconds
Platform modules already initialized, skipping
Shader 'Universal Render Pipeline/Particles/Lit': fallback shader 'Universal Render Pipeline/Particles/SimpleLit' not found
Shader 'Universal Render Pipeline/Particles/Lit': fallback shader 'Universal Render Pipeline/Particles/SimpleLit' not found
Refreshing native plugins compatible for Editor in 1.02 ms, found 1 plugins.
Preloading 0 native plugins for Editor in 0.00 ms.
Unloading 2872 Unused Serialized files (Serialized files now loaded: 0)
System memory in use before: 130.4 MB.
System memory in use after: 128.8 MB.

Unloading 40 unused Assets to reduce memory usage. Loaded Objects now: 3485.
Total: 3.522500 ms (FindLiveObjects: 0.395500 ms CreateObjectMapping: 0.077300 ms MarkObjects: 1.911400 ms  DeleteObjects: 1.137400 ms)

AssetImportParameters requested are different than current active one (requested -> active):
  custom:srp/default-shader: 0000e00a000e0de00000e000e02d0000 -> 0000e00a000e0de00000e000e0000000
========================================================================
Received Import Request.
  Time since last request: 76.199002 seconds.
  path: Assets/Scenes/Prefabs/Fly.prefab
  artifactKey: Guid(eb85b9a70a6980b429093588fd0fbac5) Importer(815301076,1909f56bfc062723c751e8b465ee728b)
Start importing Assets/Scenes/Prefabs/Fly.prefab using Guid(eb85b9a70a6980b429093588fd0fbac5) Importer(815301076,1909f56bfc062723c751e8b465ee728b)  -> (artifact id: '05609fb2e7a1a3a7d84d130b0f8c7c3f') in 0.150001 seconds
  Import took 0.155012 seconds .

========================================================================
Received Import Request.
  Time since last request: 8.334555 seconds.
  path: Assets/Scenes/Scripts/PlayerControl.cs
  artifactKey: Guid(6f5e3fc049ea6a640bc20ef2e24ebc44) Importer(815301076,1909f56bfc062723c751e8b465ee728b)
Start importing Assets/Scenes/Scripts/PlayerControl.cs using Guid(6f5e3fc049ea6a640bc20ef2e24ebc44) Importer(815301076,1909f56bfc062723c751e8b465ee728b)  -> (artifact id: '218c74abf3377b66617f51ed4ed424dc') in 0.006540 seconds
  Import took 0.011907 seconds .

========================================================================
Received Prepare
Registering precompiled user dll's ...
Registered in 0.001643 seconds.
Begin MonoManager ReloadAssembly
Native extension for WindowsStandalone target not found
Native extension for WebGL target not found
Refreshing native plugins compatible for Editor in 0.60 ms, found 1 plugins.
Preloading 0 native plugins for Editor in 0.00 ms.
Invoked RoslynAnalysisRunner static constructor.
RoslynAnalysisRunner will not be running.
RoslynAnalysisRunner has terminated.
Mono: successfully reloaded assembly
- Completed reload, in  0.842 seconds
Platform modules already initialized, skipping
Shader 'Universal Render Pipeline/Particles/Lit': fallback shader 'Universal Render Pipeline/Particles/SimpleLit' not found
Shader 'Universal Render Pipeline/Particles/Lit': fallback shader 'Universal Render Pipeline/Particles/SimpleLit' not found
Refreshing native plugins compatible for Editor in 0.51 ms, found 1 plugins.
Preloading 0 native plugins for Editor in 0.00 ms.
Unloading 2872 Unused Serialized files (Serialized files now loaded: 0)
System memory in use before: 130.5 MB.
System memory in use after: 128.9 MB.

Unloading 40 unused Assets to reduce memory usage. Loaded Objects now: 3524.
Total: 3.106800 ms (FindLiveObjects: 0.339500 ms CreateObjectMapping: 0.088100 ms MarkObjects: 1.752900 ms  DeleteObjects: 0.925100 ms)

AssetImportParameters requested are different than current active one (requested -> active):
  custom:srp/default-shader: 0000e00a000e0de00000e000e02d0000 -> 0000e00a000e0de00000e000e0000000
========================================================================
Received Import Request.
  Time since last request: 138.610547 seconds.
  path: Assets/Scenes/Scripts/PlayerControl.cs
  artifactKey: Guid(6f5e3fc049ea6a640bc20ef2e24ebc44) Importer(815301076,1909f56bfc062723c751e8b465ee728b)
Start importing Assets/Scenes/Scripts/PlayerControl.cs using Guid(6f5e3fc049ea6a640bc20ef2e24ebc44) Importer(815301076,1909f56bfc062723c751e8b465ee728b)  -> (artifact id: '2290a944867836c7c0e84bb32c8f2687') in 0.007886 seconds
  Import took 0.012599 seconds .

========================================================================
Received Prepare
Registering precompiled user dll's ...
Registered in 0.001340 seconds.
Begin MonoManager ReloadAssembly
Native extension for WindowsStandalone target not found
Native extension for WebGL target not found
Refreshing native plugins compatible for Editor in 0.62 ms, found 1 plugins.
Preloading 0 native plugins for Editor in 0.00 ms.
Invoked RoslynAnalysisRunner static constructor.
RoslynAnalysisRunner will not be running.
RoslynAnalysisRunner has terminated.
Mono: successfully reloaded assembly
- Completed reload, in  0.842 seconds
Platform modules already initialized, skipping
Shader 'Universal Render Pipeline/Particles/Lit': fallback shader 'Universal Render Pipeline/Particles/SimpleLit' not found
Shader 'Universal Render Pipeline/Particles/Lit': fallback shader 'Universal Render Pipeline/Particles/SimpleLit' not found
Refreshing native plugins compatible for Editor in 0.54 ms, found 1 plugins.
Preloading 0 native plugins for Editor in 0.00 ms.
Unloading 2872 Unused Serialized files (Serialized files now loaded: 0)
System memory in use before: 130.5 MB.
System memory in use after: 128.9 MB.

Unloading 40 unused Assets to reduce memory usage. Loaded Objects now: 3527.
Total: 3.701500 ms (FindLiveObjects: 0.496900 ms CreateObjectMapping: 0.089600 ms MarkObjects: 2.104500 ms  DeleteObjects: 1.009500 ms)

AssetImportParameters requested are different than current active one (requested -> active):
  custom:srp/default-shader: 0000e00a000e0de00000e000e02d0000 -> 0000e00a000e0de00000e000e0000000
========================================================================
Received Prepare
Registering precompiled user dll's ...
Registered in 0.001337 seconds.
Begin MonoManager ReloadAssembly
Native extension for WindowsStandalone target not found
Native extension for WebGL target not found
Refreshing native plugins compatible for Editor in 0.52 ms, found 1 plugins.
Preloading 0 native plugins for Editor in 0.00 ms.
Invoked RoslynAnalysisRunner static constructor.
RoslynAnalysisRunner will not be running.
RoslynAnalysisRunner has terminated.
Mono: successfully reloaded assembly
- Completed reload, in  0.825 seconds
Platform modules already initialized, skipping
Shader 'Universal Render Pipeline/Particles/Lit': fallback shader 'Universal Render Pipeline/Particles/SimpleLit' not found
Shader 'Universal Render Pipeline/Particles/Lit': fallback shader 'Universal Render Pipeline/Particles/SimpleLit' not found
Refreshing native plugins compatible for Editor in 0.59 ms, found 1 plugins.
Preloading 0 native plugins for Editor in 0.00 ms.
Unloading 2872 Unused Serialized files (Serialized files now loaded: 0)
System memory in use before: 130.5 MB.
System memory in use after: 128.9 MB.

Unloading 40 unused Assets to reduce memory usage. Loaded Objects now: 3530.
Total: 3.194100 ms (FindLiveObjects: 0.379300 ms CreateObjectMapping: 0.076600 ms MarkObjects: 1.785100 ms  DeleteObjects: 0.952200 ms)

AssetImportParameters requested are different than current active one (requested -> active):
  custom:srp/default-shader: 0000e00a000e0de00000e000e02d0000 -> 0000e00a000e0de00000e000e0000000
AssetImportWorkerClient::OnTransportError - code=2 error=End of file
